<?xml version="1.0" encoding="utf-8"?><testsuites name="pytest tests"><testsuite name="pytest" errors="0" failures="0" skipped="0" tests="11" time="144.080" timestamp="2026-04-16T06:55:45.494016+00:00" hostname="agent-env-5ec09de6-cfce-48db-8ac2-b3ef4c456538"><testcase classname="tests.test_v2_enhancements" name="test_get_equipment_endpoint" time="0.709" /><testcase classname="tests.test_v2_enhancements" name="test_equipment_has_specializations" time="0.185" /><testcase classname="tests.test_v2_enhancements" name="test_get_environments_endpoint" time="0.220" /><testcase classname="tests.test_v2_enhancements" name="test_create_character_with_equipment" time="0.432" /><testcase classname="tests.test_v2_enhancements" name="test_different_specialization_equipment" time="0.355" /><testcase classname="tests.test_v2_enhancements" name="test_create_session_with_environment" time="0.547" /><testcase classname="tests.test_v2_enhancements" name="test_session_start_returns_environment" time="13.203" /><testcase classname="tests.test_v2_enhancements" name="test_action_auto_detects_skill" time="26.424" /><testcase classname="tests.test_v2_enhancements" name="test_action_returns_dice_line_format" time="24.863" /><testcase classname="tests.test_v2_enhancements" name="test_multiple_skill_keywords" time="53.084" /><testcase classname="tests.test_v2_enhancements" name="test_full_v2_flow" time="23.963" /></testsuite></testsuites>